<?xml version="1.0" encoding="UTF-8"?>
<testsuite xmlns:xsi="http://www.w3.org/2001/XMLSchema-instance" xsi:noNamespaceSchemaLocation="https://maven.apache.org/surefire/maven-surefire-plugin/xsd/surefire-test-report-3.0.xsd" version="3.0" name="TestSuite" time="6.419" tests="4" errors="0" skipped="0" failures="4">
  <properties>
    <property name="java.specification.version" value="19"/>
    <property name="sun.cpu.isalist" value="amd64"/>
    <property name="sun.jnu.encoding" value="Cp1252"/>
    <property name="java.class.path" value="C:\Users\isya.pamuji\Documents\RestAssuredAdvanced-master\target\test-classes;C:\Users\isya.pamuji\Documents\RestAssuredAdvanced-master\target\classes;C:\Users\isya.pamuji\.m2\repository\io\rest-assured\rest-assured\3.3.0\rest-assured-3.3.0.jar;C:\Users\isya.pamuji\.m2\repository\org\codehaus\groovy\groovy\2.4.15\groovy-2.4.15.jar;C:\Users\isya.pamuji\.m2\repository\org\codehaus\groovy\groovy-xml\2.4.15\groovy-xml-2.4.15.jar;C:\Users\isya.pamuji\.m2\repository\org\apache\httpcomponents\httpclient\4.5.3\httpclient-4.5.3.jar;C:\Users\isya.pamuji\.m2\repository\org\apache\httpcomponents\httpcore\4.4.6\httpcore-4.4.6.jar;C:\Users\isya.pamuji\.m2\repository\commons-logging\commons-logging\1.2\commons-logging-1.2.jar;C:\Users\isya.pamuji\.m2\repository\commons-codec\commons-codec\1.9\commons-codec-1.9.jar;C:\Users\isya.pamuji\.m2\repository\org\apache\httpcomponents\httpmime\4.5.3\httpmime-4.5.3.jar;C:\Users\isya.pamuji\.m2\repository\org\hamcrest\hamcrest-core\1.3\hamcrest-core-1.3.jar;C:\Users\isya.pamuji\.m2\repository\org\hamcrest\hamcrest-library\1.3\hamcrest-library-1.3.jar;C:\Users\isya.pamuji\.m2\repository\org\ccil\cowan\tagsoup\tagsoup\1.2.1\tagsoup-1.2.1.jar;C:\Users\isya.pamuji\.m2\repository\io\rest-assured\json-path\3.3.0\json-path-3.3.0.jar;C:\Users\isya.pamuji\.m2\repository\org\codehaus\groovy\groovy-json\2.4.15\groovy-json-2.4.15.jar;C:\Users\isya.pamuji\.m2\repository\io\rest-assured\rest-assured-common\3.3.0\rest-assured-common-3.3.0.jar;C:\Users\isya.pamuji\.m2\repository\io\rest-assured\xml-path\3.3.0\xml-path-3.3.0.jar;C:\Users\isya.pamuji\.m2\repository\org\apache\commons\commons-lang3\3.4\commons-lang3-3.4.jar;C:\Users\isya.pamuji\.m2\repository\javax\xml\bind\jaxb-api\2.2.12\jaxb-api-2.2.12.jar;C:\Users\isya.pamuji\.m2\repository\com\sun\xml\bind\jaxb-osgi\2.2.10\jaxb-osgi-2.2.10.jar;C:\Users\isya.pamuji\.m2\repository\org\apache\sling\org.apache.sling.javax.activation\0.1.0\org.apache.sling.javax.activation-0.1.0.jar;C:\Users\isya.pamuji\.m2\repository\javax\activation\activation\1.1.1\activation-1.1.1.jar;C:\Users\isya.pamuji\.m2\repository\org\testng\testng\6.13.1\testng-6.13.1.jar;C:\Users\isya.pamuji\.m2\repository\com\beust\jcommander\1.72\jcommander-1.72.jar;C:\Users\isya.pamuji\.m2\repository\io\qameta\allure\allure-rest-assured\2.0-BETA21\allure-rest-assured-2.0-BETA21.jar;C:\Users\isya.pamuji\.m2\repository\io\qameta\allure\allure-attachments\2.0-BETA21\allure-attachments-2.0-BETA21.jar;C:\Users\isya.pamuji\.m2\repository\org\freemarker\freemarker\2.3.26-incubating\freemarker-2.3.26-incubating.jar;C:\Users\isya.pamuji\.m2\repository\io\qameta\allure\allure-testng\2.0-BETA21\allure-testng-2.0-BETA21.jar;C:\Users\isya.pamuji\.m2\repository\io\qameta\allure\allure-descriptions-javadoc\2.0-BETA21\allure-descriptions-javadoc-2.0-BETA21.jar;C:\Users\isya.pamuji\.m2\repository\io\qameta\allure\allure-java-commons\2.0-BETA21\allure-java-commons-2.0-BETA21.jar;C:\Users\isya.pamuji\.m2\repository\com\google\guava\guava\19.0\guava-19.0.jar;C:\Users\isya.pamuji\.m2\repository\io\qameta\allure\allure2-model-api\1.0-BETA6\allure2-model-api-1.0-BETA6.jar;C:\Users\isya.pamuji\.m2\repository\io\qameta\allure\allure2-model-pojo\1.0-BETA6\allure2-model-pojo-1.0-BETA6.jar;C:\Users\isya.pamuji\.m2\repository\org\apache\tika\tika-core\1.14\tika-core-1.14.jar;C:\Users\isya.pamuji\.m2\repository\io\qameta\allure\allure2-model-jackson\1.0-BETA6\allure2-model-jackson-1.0-BETA6.jar;C:\Users\isya.pamuji\.m2\repository\com\fasterxml\jackson\module\jackson-module-jaxb-annotations\2.7.0\jackson-module-jaxb-annotations-2.7.0.jar;C:\Users\isya.pamuji\.m2\repository\org\aspectj\aspectjrt\1.8.10\aspectjrt-1.8.10.jar;C:\Users\isya.pamuji\.m2\repository\org\jooq\joor\0.9.6\joor-0.9.6.jar;C:\Users\isya.pamuji\.m2\repository\org\slf4j\slf4j-api\1.7.21\slf4j-api-1.7.21.jar;C:\Users\isya.pamuji\.m2\repository\org\aeonbits\owner\owner\1.0.8\owner-1.0.8.jar;C:\Users\isya.pamuji\.m2\repository\org\projectlombok\lombok\1.18.30\lombok-1.18.30.jar;C:\Users\isya.pamuji\.m2\repository\org\kohsuke\wordnet-random-name\1.3\wordnet-random-name-1.3.jar;C:\Users\isya.pamuji\.m2\repository\org\assertj\assertj-core\3.11.1\assertj-core-3.11.1.jar;C:\Users\isya.pamuji\.m2\repository\com\fasterxml\jackson\core\jackson-databind\2.9.4\jackson-databind-2.9.4.jar;C:\Users\isya.pamuji\.m2\repository\com\fasterxml\jackson\core\jackson-annotations\2.9.0\jackson-annotations-2.9.0.jar;C:\Users\isya.pamuji\.m2\repository\com\fasterxml\jackson\core\jackson-core\2.9.4\jackson-core-2.9.4.jar;C:\Users\isya.pamuji\.m2\repository\com\github\davidcarboni\resource-utils\1.1.2\resource-utils-1.1.2.jar;C:\Users\isya.pamuji\.m2\repository\commons-io\commons-io\2.1\commons-io-2.1.jar;"/>
    <property name="java.vm.vendor" value="Oracle Corporation"/>
    <property name="sun.arch.data.model" value="64"/>
    <property name="user.variant" value=""/>
    <property name="java.vendor.url" value="https://java.oracle.com/"/>
    <property name="user.timezone" value="Asia/Jakarta"/>
    <property name="os.name" value="Windows 11"/>
    <property name="java.vm.specification.version" value="19"/>
    <property name="sun.java.launcher" value="SUN_STANDARD"/>
    <property name="user.country" value="ID"/>
    <property name="sun.boot.library.path" value="C:\Program Files\Java\jdk-19\bin"/>
    <property name="sun.java.command" value="C:\Users\isya.pamuji\AppData\Local\Temp\surefire14674342611335694242\surefirebooter-20240402104435161_3.jar C:\Users\isya.pamuji\AppData\Local\Temp\surefire14674342611335694242 2024-04-02T10-44-34_772-jvmRun1 surefire-20240402104435161_1tmp surefire_0-20240402104435161_2tmp"/>
    <property name="jdk.debug" value="release"/>
    <property name="surefire.test.class.path" value="C:\Users\isya.pamuji\Documents\RestAssuredAdvanced-master\target\test-classes;C:\Users\isya.pamuji\Documents\RestAssuredAdvanced-master\target\classes;C:\Users\isya.pamuji\.m2\repository\io\rest-assured\rest-assured\3.3.0\rest-assured-3.3.0.jar;C:\Users\isya.pamuji\.m2\repository\org\codehaus\groovy\groovy\2.4.15\groovy-2.4.15.jar;C:\Users\isya.pamuji\.m2\repository\org\codehaus\groovy\groovy-xml\2.4.15\groovy-xml-2.4.15.jar;C:\Users\isya.pamuji\.m2\repository\org\apache\httpcomponents\httpclient\4.5.3\httpclient-4.5.3.jar;C:\Users\isya.pamuji\.m2\repository\org\apache\httpcomponents\httpcore\4.4.6\httpcore-4.4.6.jar;C:\Users\isya.pamuji\.m2\repository\commons-logging\commons-logging\1.2\commons-logging-1.2.jar;C:\Users\isya.pamuji\.m2\repository\commons-codec\commons-codec\1.9\commons-codec-1.9.jar;C:\Users\isya.pamuji\.m2\repository\org\apache\httpcomponents\httpmime\4.5.3\httpmime-4.5.3.jar;C:\Users\isya.pamuji\.m2\repository\org\hamcrest\hamcrest-core\1.3\hamcrest-core-1.3.jar;C:\Users\isya.pamuji\.m2\repository\org\hamcrest\hamcrest-library\1.3\hamcrest-library-1.3.jar;C:\Users\isya.pamuji\.m2\repository\org\ccil\cowan\tagsoup\tagsoup\1.2.1\tagsoup-1.2.1.jar;C:\Users\isya.pamuji\.m2\repository\io\rest-assured\json-path\3.3.0\json-path-3.3.0.jar;C:\Users\isya.pamuji\.m2\repository\org\codehaus\groovy\groovy-json\2.4.15\groovy-json-2.4.15.jar;C:\Users\isya.pamuji\.m2\repository\io\rest-assured\rest-assured-common\3.3.0\rest-assured-common-3.3.0.jar;C:\Users\isya.pamuji\.m2\repository\io\rest-assured\xml-path\3.3.0\xml-path-3.3.0.jar;C:\Users\isya.pamuji\.m2\repository\org\apache\commons\commons-lang3\3.4\commons-lang3-3.4.jar;C:\Users\isya.pamuji\.m2\repository\javax\xml\bind\jaxb-api\2.2.12\jaxb-api-2.2.12.jar;C:\Users\isya.pamuji\.m2\repository\com\sun\xml\bind\jaxb-osgi\2.2.10\jaxb-osgi-2.2.10.jar;C:\Users\isya.pamuji\.m2\repository\org\apache\sling\org.apache.sling.javax.activation\0.1.0\org.apache.sling.javax.activation-0.1.0.jar;C:\Users\isya.pamuji\.m2\repository\javax\activation\activation\1.1.1\activation-1.1.1.jar;C:\Users\isya.pamuji\.m2\repository\org\testng\testng\6.13.1\testng-6.13.1.jar;C:\Users\isya.pamuji\.m2\repository\com\beust\jcommander\1.72\jcommander-1.72.jar;C:\Users\isya.pamuji\.m2\repository\io\qameta\allure\allure-rest-assured\2.0-BETA21\allure-rest-assured-2.0-BETA21.jar;C:\Users\isya.pamuji\.m2\repository\io\qameta\allure\allure-attachments\2.0-BETA21\allure-attachments-2.0-BETA21.jar;C:\Users\isya.pamuji\.m2\repository\org\freemarker\freemarker\2.3.26-incubating\freemarker-2.3.26-incubating.jar;C:\Users\isya.pamuji\.m2\repository\io\qameta\allure\allure-testng\2.0-BETA21\allure-testng-2.0-BETA21.jar;C:\Users\isya.pamuji\.m2\repository\io\qameta\allure\allure-descriptions-javadoc\2.0-BETA21\allure-descriptions-javadoc-2.0-BETA21.jar;C:\Users\isya.pamuji\.m2\repository\io\qameta\allure\allure-java-commons\2.0-BETA21\allure-java-commons-2.0-BETA21.jar;C:\Users\isya.pamuji\.m2\repository\com\google\guava\guava\19.0\guava-19.0.jar;C:\Users\isya.pamuji\.m2\repository\io\qameta\allure\allure2-model-api\1.0-BETA6\allure2-model-api-1.0-BETA6.jar;C:\Users\isya.pamuji\.m2\repository\io\qameta\allure\allure2-model-pojo\1.0-BETA6\allure2-model-pojo-1.0-BETA6.jar;C:\Users\isya.pamuji\.m2\repository\org\apache\tika\tika-core\1.14\tika-core-1.14.jar;C:\Users\isya.pamuji\.m2\repository\io\qameta\allure\allure2-model-jackson\1.0-BETA6\allure2-model-jackson-1.0-BETA6.jar;C:\Users\isya.pamuji\.m2\repository\com\fasterxml\jackson\module\jackson-module-jaxb-annotations\2.7.0\jackson-module-jaxb-annotations-2.7.0.jar;C:\Users\isya.pamuji\.m2\repository\org\aspectj\aspectjrt\1.8.10\aspectjrt-1.8.10.jar;C:\Users\isya.pamuji\.m2\repository\org\jooq\joor\0.9.6\joor-0.9.6.jar;C:\Users\isya.pamuji\.m2\repository\org\slf4j\slf4j-api\1.7.21\slf4j-api-1.7.21.jar;C:\Users\isya.pamuji\.m2\repository\org\aeonbits\owner\owner\1.0.8\owner-1.0.8.jar;C:\Users\isya.pamuji\.m2\repository\org\projectlombok\lombok\1.18.30\lombok-1.18.30.jar;C:\Users\isya.pamuji\.m2\repository\org\kohsuke\wordnet-random-name\1.3\wordnet-random-name-1.3.jar;C:\Users\isya.pamuji\.m2\repository\org\assertj\assertj-core\3.11.1\assertj-core-3.11.1.jar;C:\Users\isya.pamuji\.m2\repository\com\fasterxml\jackson\core\jackson-databind\2.9.4\jackson-databind-2.9.4.jar;C:\Users\isya.pamuji\.m2\repository\com\fasterxml\jackson\core\jackson-annotations\2.9.0\jackson-annotations-2.9.0.jar;C:\Users\isya.pamuji\.m2\repository\com\fasterxml\jackson\core\jackson-core\2.9.4\jackson-core-2.9.4.jar;C:\Users\isya.pamuji\.m2\repository\com\github\davidcarboni\resource-utils\1.1.2\resource-utils-1.1.2.jar;C:\Users\isya.pamuji\.m2\repository\commons-io\commons-io\2.1\commons-io-2.1.jar;"/>
    <property name="sun.cpu.endian" value="little"/>
    <property name="user.home" value="C:\Users\isya.pamuji"/>
    <property name="user.language" value="en"/>
    <property name="java.specification.vendor" value="Oracle Corporation"/>
    <property name="java.version.date" value="2023-01-17"/>
    <property name="java.home" value="C:\Program Files\Java\jdk-19"/>
    <property name="file.separator" value="\"/>
    <property name="basedir" value="C:\Users\isya.pamuji\Documents\RestAssuredAdvanced-master"/>
    <property name="java.vm.compressedOopsMode" value="Zero based"/>
    <property name="line.separator" value="&#10;"/>
    <property name="java.vm.specification.vendor" value="Oracle Corporation"/>
    <property name="java.specification.name" value="Java Platform API Specification"/>
    <property name="surefire.real.class.path" value="C:\Users\isya.pamuji\AppData\Local\Temp\surefire14674342611335694242\surefirebooter-20240402104435161_3.jar"/>
    <property name="user.script" value=""/>
    <property name="sun.management.compiler" value="HotSpot 64-Bit Tiered Compilers"/>
    <property name="java.runtime.version" value="19.0.2+7-44"/>
    <property name="user.name" value="isya.pamuji"/>
    <property name="stdout.encoding" value="Cp1252"/>
    <property name="path.separator" value=";"/>
    <property name="os.version" value="10.0"/>
    <property name="java.runtime.name" value="Java(TM) SE Runtime Environment"/>
    <property name="file.encoding" value="UTF-8"/>
    <property name="java.vm.name" value="Java HotSpot(TM) 64-Bit Server VM"/>
    <property name="localRepository" value="C:\Users\isya.pamuji\.m2\repository"/>
    <property name="java.vendor.url.bug" value="https://bugreport.java.com/bugreport/"/>
    <property name="java.io.tmpdir" value="C:\Users\ISYA~1.PAM\AppData\Local\Temp\"/>
    <property name="java.version" value="19.0.2"/>
    <property name="user.dir" value="C:\Users\isya.pamuji\Documents\RestAssuredAdvanced-master"/>
    <property name="os.arch" value="amd64"/>
    <property name="java.vm.specification.name" value="Java Virtual Machine Specification"/>
    <property name="sun.os.patch.level" value=""/>
    <property name="native.encoding" value="Cp1252"/>
    <property name="java.library.path" value="C:\Program Files\Java\jdk-19\bin;C:\Windows\Sun\Java\bin;C:\Windows\system32;C:\Windows;C:\Program Files\Common Files\Oracle\Java\javapath;C:\Program Files (x86)\Common Files\Oracle\Java\javapath;C:\Windows\system32;C:\Windows;C:\Windows\System32\Wbem;C:\Windows\System32\WindowsPowerShell\v1.0\;C:\Windows\System32\OpenSSH\;C:\Program Files\Git\cmd;C:\Program Files\Java\jdk-19\bin;C:\Program Files\nodejs\;C:\Users\isya.pamuji\.jdks\corretto-11.0.21\bin;C:\Program Files\JetBrains\IntelliJ IDEA 2023.3.2\bin;;C:\Program Files\JetBrains\IntelliJ IDEA Community Edition 2023.3.2\bin;;C:\Program Files\gradle-8.5\bin;C:\Program Files\apache-maven-3.9.6-bin\apache-maven-3.9.6\bin;C:\Users\isya.pamuji\AppData\Roaming\npm;C:\Program Files\Java\jdk-19\bin;;."/>
    <property name="java.vm.info" value="mixed mode, sharing"/>
    <property name="stderr.encoding" value="Cp1252"/>
    <property name="java.vendor" value="Oracle Corporation"/>
    <property name="java.vm.version" value="19.0.2+7-44"/>
    <property name="sun.io.unicode.encoding" value="UnicodeLittle"/>
    <property name="java.class.version" value="63.0"/>
  </properties>
  <testcase name="AddItemtoMealPlanTest" classname="MealPlanTest" time="2.878">
    <failure message="could not access constructor: private java.lang.AssertionError(java.lang.String) with arguments: [1 expectation failed.&#10;Expected status code &lt;200&gt; but was &lt;404&gt;.&#10;] reason: java.lang.IllegalAccessException: class org.codehaus.groovy.reflection.CachedConstructor cannot access a member of class java.lang.AssertionError (in module java.base) with modifiers &quot;private&quot;" type="groovy.lang.GroovyRuntimeException"><![CDATA[groovy.lang.GroovyRuntimeException: 
could not access constructor: private java.lang.AssertionError(java.lang.String) with arguments: [1 expectation failed.
Expected status code <200> but was <404>.
] reason: java.lang.IllegalAccessException: class org.codehaus.groovy.reflection.CachedConstructor cannot access a member of class java.lang.AssertionError (in module java.base) with modifiers "private"
	at org.codehaus.groovy.reflection.CachedConstructor.createException(CachedConstructor.java:103)
	at org.codehaus.groovy.reflection.CachedConstructor.invoke(CachedConstructor.java:89)
	at org.codehaus.groovy.reflection.CachedConstructor.doConstructorInvoke(CachedConstructor.java:77)
	at org.codehaus.groovy.runtime.callsite.ConstructorSite$ConstructorSiteNoUnwrap.callConstructor(ConstructorSite.java:84)
	at org.codehaus.groovy.runtime.callsite.CallSiteArray.defaultCallConstructor(CallSiteArray.java:59)
	at org.codehaus.groovy.runtime.callsite.AbstractCallSite.callConstructor(AbstractCallSite.java:238)
	at org.codehaus.groovy.runtime.callsite.AbstractCallSite.callConstructor(AbstractCallSite.java:250)
	at io.restassured.internal.ResponseSpecificationImpl$HamcrestAssertionClosure.validate(ResponseSpecificationImpl.groovy:494)
	at io.restassured.internal.ResponseSpecificationImpl$HamcrestAssertionClosure$validate$1.call(Unknown Source)
	at org.codehaus.groovy.runtime.callsite.CallSiteArray.defaultCall(CallSiteArray.java:47)
	at org.codehaus.groovy.runtime.callsite.AbstractCallSite.call(AbstractCallSite.java:116)
	at org.codehaus.groovy.runtime.callsite.AbstractCallSite.call(AbstractCallSite.java:128)
	at io.restassured.internal.ResponseSpecificationImpl.validateResponseIfRequired(ResponseSpecificationImpl.groovy:656)
	at java.base/jdk.internal.reflect.DirectMethodHandleAccessor.invoke(DirectMethodHandleAccessor.java:104)
	at java.base/java.lang.reflect.Method.invoke(Method.java:578)
	at org.codehaus.groovy.runtime.callsite.PogoMetaMethodSite$PogoCachedMethodSiteNoUnwrapNoCoerce.invoke(PogoMetaMethodSite.java:210)
	at org.codehaus.groovy.runtime.callsite.PogoMetaMethodSite.callCurrent(PogoMetaMethodSite.java:59)
	at org.codehaus.groovy.runtime.callsite.CallSiteArray.defaultCallCurrent(CallSiteArray.java:51)
	at org.codehaus.groovy.runtime.callsite.AbstractCallSite.callCurrent(AbstractCallSite.java:157)
	at org.codehaus.groovy.runtime.callsite.AbstractCallSite.callCurrent(AbstractCallSite.java:169)
	at io.restassured.internal.ResponseSpecificationImpl.statusCode(ResponseSpecificationImpl.groovy:125)
	at io.restassured.specification.ResponseSpecification$statusCode$0.callCurrent(Unknown Source)
	at org.codehaus.groovy.runtime.callsite.CallSiteArray.defaultCallCurrent(CallSiteArray.java:51)
	at org.codehaus.groovy.runtime.callsite.AbstractCallSite.callCurrent(AbstractCallSite.java:157)
	at org.codehaus.groovy.runtime.callsite.AbstractCallSite.callCurrent(AbstractCallSite.java:169)
	at io.restassured.internal.ResponseSpecificationImpl.statusCode(ResponseSpecificationImpl.groovy:133)
	at io.restassured.internal.ValidatableResponseOptionsImpl.statusCode(ValidatableResponseOptionsImpl.java:119)
	at MealPlanTest.AddItemtoMealPlanTest(MealPlanTest.java:75)
	at java.base/jdk.internal.reflect.DirectMethodHandleAccessor.invoke(DirectMethodHandleAccessor.java:104)
	at java.base/java.lang.reflect.Method.invoke(Method.java:578)
	at org.testng.internal.MethodInvocationHelper.invokeMethod(MethodInvocationHelper.java:124)
	at org.testng.internal.Invoker.invokeMethod(Invoker.java:571)
	at org.testng.internal.Invoker.invokeTestMethod(Invoker.java:707)
	at org.testng.internal.Invoker.invokeTestMethods(Invoker.java:979)
	at org.testng.internal.TestMethodWorker.invokeTestMethods(TestMethodWorker.java:125)
	at org.testng.internal.TestMethodWorker.run(TestMethodWorker.java:109)
	at java.base/java.util.concurrent.ThreadPoolExecutor.runWorker(ThreadPoolExecutor.java:1144)
	at java.base/java.util.concurrent.ThreadPoolExecutor$Worker.run(ThreadPoolExecutor.java:642)
	at java.base/java.lang.Thread.run(Thread.java:1589)
]]></failure>
    <system-out><![CDATA[Request method:	POST
Request URI:	https://api.spoonacular.com/recipes/isyapamuji0/items?apiKey=a402ba2d8fd6478f843de69a2ffa0dad&hash=373645afb43e907b5df2d428dc26b5d3c5951e62
Proxy:			<none>
Request params:	<none>
Query params:	apiKey=a402ba2d8fd6478f843de69a2ffa0dad
				hash=373645afb43e907b5df2d428dc26b5d3c5951e62
Form params:	<none>
Path params:	<none>
Headers:		Accept=application/json, application/javascript, text/javascript, text/json
				Content-Type=application/json; charset=UTF-8
Cookies:		<none>
Multiparts:		<none>
Body:
[
    {
        "date": 1589500800,
        "slot": 1,
        "position": 0,
        "type": "INGREDIENTS",
        "value": {
            "ingredients": [
                {
                    "name": "1 banana"
                },
                {
                    "name": "coffee",
                    "unit": "cup",
                    "amount": "1",
                    "image": "https://img.spoonacular.com/ingredients_100x100/brewed-coffee.jpg"
                }
            ]
        }
    },
    {
        "date": 1589500800,
        "slot": 2,
        "position": 0,
        "type": "CUSTOM_FOOD",
        "value": {
            "id": 348,
            "servings": 1,
            "title": "Aldi Spicy Cashews - 30g",
            "image": "https://img.spoonacular.com/ingredients_100x100/cashews.jpg"
        }
    }
]

HTTP/1.1 404 Not Found
Date: Tue, 02 Apr 2024 03:44:39 GMT
Content-Type: text/html;charset=utf-8
Transfer-Encoding: chunked
Connection: keep-alive
Allow-Control-Allow-Origin: *
Access-Control-Allow-Origin: *
Access-Control-Allow-Headers: Authorization, UserId, Hash, Name, Password, Accept, Accept-Language, x-api-key, Content-Language, Content-Type, Cache-Control, Origin, X-Requested-With
Access-Control-Allow-Methods: GET, HEAD, POST, OPTIONS, DELETE, PUT
Allow-Control-Allow-Methods: GET, HEAD, POST, OPTIONS, DELETE, PUT
CF-Cache-Status: DYNAMIC
Report-To: {"endpoints":[{"url":"https:\/\/a.nel.cloudflare.com\/report\/v4?s=bIHrwMcOHlN2G9eJ6lbx592SB%2Bk1LPNPLnvQeXpUMz%2FDXl0ecrdm35%2BNx35bR8DaDjlcf01vzeJvNfB9zUOCGlMB5qumRQfUDLXDRVlYGRPtnXPP3V7kUtFUqZXuzPEuesD00tw%3D"}],"group":"cf-nel","max_age":604800}
NEL: {"success_fraction":0,"report_to":"cf-nel","max_age":604800}
Server: cloudflare
CF-RAY: 86ddd2523f3a8554-HKG
Content-Encoding: gzip
alt-svc: h3=":443"; ma=86400

<html>
  <head>
    <title>Apache Tomcat/6.0.37 - Error report</title>
    <style>&lt;!--H1 {font-family:Tahoma,Arial,sans-serif;color:white;background-color:#525D76;font-size:22px;} H2 {font-family:Tahoma,Arial,sans-serif;color:white;background-color:#525D76;font-size:16px;} H3 {font-family:Tahoma,Arial,sans-serif;color:white;background-color:#525D76;font-size:14px;} BODY {font-family:Tahoma,Arial,sans-serif;color:black;background-color:white;} B {font-family:Tahoma,Arial,sans-serif;color:white;background-color:#525D76;} P {font-family:Tahoma,Arial,sans-serif;background:white;color:black;font-size:12px;}A {color : black;}A.name {color : black;}HR {color : #525D76;}--&gt;</style>
  </head>
  <body>
    <h1>HTTP Status 404 - Not Found</h1>
    <hr noshade="noshade" size="1"/>
    <p>
      <b>type</b>
 Status report    </p>
    <p>
      <b>message</b>
      <u>Not Found</u>
    </p>
    <p>
      <b>description</b>
      <u>The requested resource is not available.</u>
    </p>
    <hr noshade="noshade" size="1"/>
    <h3>Apache Tomcat/6.0.37</h3>
  </body>
</html>
]]></system-out>
    <system-err><![CDATA[SLF4J: Failed to load class "org.slf4j.impl.StaticLoggerBinder".
SLF4J: Defaulting to no-operation (NOP) logger implementation
SLF4J: See http://www.slf4j.org/codes.html#StaticLoggerBinder for further details.
]]></system-err>
  </testcase>
  <testcase name="MealPlanGenerateTest" classname="MealPlanTest" time="0.731">
    <failure message="could not access constructor: private java.lang.AssertionError(java.lang.String) with arguments: [1 expectation failed.&#10;Expected status code &lt;200&gt; but was &lt;404&gt;.&#10;] reason: java.lang.IllegalAccessException: class org.codehaus.groovy.reflection.CachedConstructor cannot access a member of class java.lang.AssertionError (in module java.base) with modifiers &quot;private&quot;" type="groovy.lang.GroovyRuntimeException"><![CDATA[groovy.lang.GroovyRuntimeException: 
could not access constructor: private java.lang.AssertionError(java.lang.String) with arguments: [1 expectation failed.
Expected status code <200> but was <404>.
] reason: java.lang.IllegalAccessException: class org.codehaus.groovy.reflection.CachedConstructor cannot access a member of class java.lang.AssertionError (in module java.base) with modifiers "private"
	at org.codehaus.groovy.reflection.CachedConstructor.createException(CachedConstructor.java:103)
	at org.codehaus.groovy.reflection.CachedConstructor.invoke(CachedConstructor.java:89)
	at org.codehaus.groovy.reflection.CachedConstructor.doConstructorInvoke(CachedConstructor.java:77)
	at org.codehaus.groovy.runtime.callsite.ConstructorSite$ConstructorSiteNoUnwrap.callConstructor(ConstructorSite.java:84)
	at org.codehaus.groovy.runtime.callsite.AbstractCallSite.callConstructor(AbstractCallSite.java:250)
	at io.restassured.internal.ResponseSpecificationImpl$HamcrestAssertionClosure.validate(ResponseSpecificationImpl.groovy:494)
	at io.restassured.internal.ResponseSpecificationImpl$HamcrestAssertionClosure$validate$1.call(Unknown Source)
	at io.restassured.internal.ResponseSpecificationImpl.validateResponseIfRequired(ResponseSpecificationImpl.groovy:656)
	at java.base/jdk.internal.reflect.DirectMethodHandleAccessor.invoke(DirectMethodHandleAccessor.java:104)
	at java.base/java.lang.reflect.Method.invoke(Method.java:578)
	at org.codehaus.groovy.runtime.callsite.PogoMetaMethodSite$PogoCachedMethodSiteNoUnwrapNoCoerce.invoke(PogoMetaMethodSite.java:210)
	at org.codehaus.groovy.runtime.callsite.PogoMetaMethodSite.callCurrent(PogoMetaMethodSite.java:59)
	at org.codehaus.groovy.runtime.callsite.AbstractCallSite.callCurrent(AbstractCallSite.java:169)
	at io.restassured.internal.ResponseSpecificationImpl.statusCode(ResponseSpecificationImpl.groovy:125)
	at io.restassured.specification.ResponseSpecification$statusCode$0.callCurrent(Unknown Source)
	at io.restassured.internal.ResponseSpecificationImpl.statusCode(ResponseSpecificationImpl.groovy:133)
	at io.restassured.internal.ValidatableResponseOptionsImpl.statusCode(ValidatableResponseOptionsImpl.java:119)
	at MealPlanTest.MealPlanGenerateTest(MealPlanTest.java:23)
	at java.base/jdk.internal.reflect.DirectMethodHandleAccessor.invoke(DirectMethodHandleAccessor.java:104)
	at java.base/java.lang.reflect.Method.invoke(Method.java:578)
	at org.testng.internal.MethodInvocationHelper.invokeMethod(MethodInvocationHelper.java:124)
	at org.testng.internal.Invoker.invokeMethod(Invoker.java:571)
	at org.testng.internal.Invoker.invokeTestMethod(Invoker.java:707)
	at org.testng.internal.Invoker.invokeTestMethods(Invoker.java:979)
	at org.testng.internal.TestMethodWorker.invokeTestMethods(TestMethodWorker.java:125)
	at org.testng.internal.TestMethodWorker.run(TestMethodWorker.java:109)
	at java.base/java.util.concurrent.ThreadPoolExecutor.runWorker(ThreadPoolExecutor.java:1144)
	at java.base/java.util.concurrent.ThreadPoolExecutor$Worker.run(ThreadPoolExecutor.java:642)
	at java.base/java.lang.Thread.run(Thread.java:1589)
]]></failure>
    <system-out><![CDATA[Request method:	GET
Request URI:	https://api.spoonacular.com/recipes/generate?apiKey=a402ba2d8fd6478f843de69a2ffa0dad
Proxy:			<none>
Request params:	<none>
Query params:	apiKey=a402ba2d8fd6478f843de69a2ffa0dad
Form params:	<none>
Path params:	<none>
Headers:		Accept=*/*
Cookies:		<none>
Multiparts:		<none>
Body:			<none>

HTTP/1.1 404 Not Found
Date: Tue, 02 Apr 2024 03:44:40 GMT
Content-Type: text/html;charset=utf-8
Transfer-Encoding: chunked
Connection: keep-alive
Allow-Control-Allow-Origin: *
Access-Control-Allow-Origin: *
Access-Control-Allow-Headers: Authorization, UserId, Hash, Name, Password, Accept, Accept-Language, x-api-key, Content-Language, Content-Type, Cache-Control, Origin, X-Requested-With
Access-Control-Allow-Methods: GET, HEAD, POST, OPTIONS, DELETE, PUT
Allow-Control-Allow-Methods: GET, HEAD, POST, OPTIONS, DELETE, PUT
CF-Cache-Status: DYNAMIC
Report-To: {"endpoints":[{"url":"https:\/\/a.nel.cloudflare.com\/report\/v4?s=cwRHHdUG04ZmfocYimRdbiJsB1%2B2RzB14xla8FNOM69nlD2QH0IoVtA4IWgKvygvqge5Nzs2iuCFBDq5Bxlw9EL%2BbyTcGCaCOSyTH%2FJAeTpfIele2Pzh2kiDLr9oIgxk8lYDRzM%3D"}],"group":"cf-nel","max_age":604800}
NEL: {"success_fraction":0,"report_to":"cf-nel","max_age":604800}
Server: cloudflare
CF-RAY: 86ddd259db2e3fad-SIN
Content-Encoding: gzip
alt-svc: h3=":443"; ma=86400

<html>
  <head>
    <title>Apache Tomcat/6.0.37 - Error report</title>
    <style>&lt;!--H1 {font-family:Tahoma,Arial,sans-serif;color:white;background-color:#525D76;font-size:22px;} H2 {font-family:Tahoma,Arial,sans-serif;color:white;background-color:#525D76;font-size:16px;} H3 {font-family:Tahoma,Arial,sans-serif;color:white;background-color:#525D76;font-size:14px;} BODY {font-family:Tahoma,Arial,sans-serif;color:black;background-color:white;} B {font-family:Tahoma,Arial,sans-serif;color:white;background-color:#525D76;} P {font-family:Tahoma,Arial,sans-serif;background:white;color:black;font-size:12px;}A {color : black;}A.name {color : black;}HR {color : #525D76;}--&gt;</style>
  </head>
  <body>
    <h1>HTTP Status 404 - Not Found</h1>
    <hr noshade="noshade" size="1"/>
    <p>
      <b>type</b>
 Status report    </p>
    <p>
      <b>message</b>
      <u>Not Found</u>
    </p>
    <p>
      <b>description</b>
      <u>The requested resource is not available.</u>
    </p>
    <hr noshade="noshade" size="1"/>
    <h3>Apache Tomcat/6.0.37</h3>
  </body>
</html>
]]></system-out>
  </testcase>
  <testcase name="MealPlanGenerateTest" classname="RecipeTest" time="0.943">
    <failure message="could not access constructor: private java.lang.AssertionError(java.lang.String) with arguments: [1 expectation failed.&#10;Expected status code &lt;200&gt; but was &lt;404&gt;.&#10;] reason: java.lang.IllegalAccessException: class org.codehaus.groovy.reflection.CachedConstructor cannot access a member of class java.lang.AssertionError (in module java.base) with modifiers &quot;private&quot;" type="groovy.lang.GroovyRuntimeException"><![CDATA[groovy.lang.GroovyRuntimeException: 
could not access constructor: private java.lang.AssertionError(java.lang.String) with arguments: [1 expectation failed.
Expected status code <200> but was <404>.
] reason: java.lang.IllegalAccessException: class org.codehaus.groovy.reflection.CachedConstructor cannot access a member of class java.lang.AssertionError (in module java.base) with modifiers "private"
	at org.codehaus.groovy.reflection.CachedConstructor.createException(CachedConstructor.java:103)
	at org.codehaus.groovy.reflection.CachedConstructor.invoke(CachedConstructor.java:89)
	at org.codehaus.groovy.reflection.CachedConstructor.doConstructorInvoke(CachedConstructor.java:77)
	at org.codehaus.groovy.runtime.callsite.ConstructorSite$ConstructorSiteNoUnwrap.callConstructor(ConstructorSite.java:84)
	at org.codehaus.groovy.runtime.callsite.AbstractCallSite.callConstructor(AbstractCallSite.java:250)
	at io.restassured.internal.ResponseSpecificationImpl$HamcrestAssertionClosure.validate(ResponseSpecificationImpl.groovy:494)
	at io.restassured.internal.ResponseSpecificationImpl$HamcrestAssertionClosure$validate$1.call(Unknown Source)
	at io.restassured.internal.ResponseSpecificationImpl.validateResponseIfRequired(ResponseSpecificationImpl.groovy:656)
	at java.base/jdk.internal.reflect.DirectMethodHandleAccessor.invoke(DirectMethodHandleAccessor.java:104)
	at java.base/java.lang.reflect.Method.invoke(Method.java:578)
	at org.codehaus.groovy.runtime.callsite.PogoMetaMethodSite$PogoCachedMethodSiteNoUnwrapNoCoerce.invoke(PogoMetaMethodSite.java:210)
	at org.codehaus.groovy.runtime.callsite.PogoMetaMethodSite.callCurrent(PogoMetaMethodSite.java:59)
	at org.codehaus.groovy.runtime.callsite.AbstractCallSite.callCurrent(AbstractCallSite.java:169)
	at io.restassured.internal.ResponseSpecificationImpl.statusCode(ResponseSpecificationImpl.groovy:125)
	at io.restassured.specification.ResponseSpecification$statusCode$0.callCurrent(Unknown Source)
	at io.restassured.internal.ResponseSpecificationImpl.statusCode(ResponseSpecificationImpl.groovy:133)
	at io.restassured.internal.ValidatableResponseOptionsImpl.statusCode(ValidatableResponseOptionsImpl.java:119)
	at RecipeTest.MealPlanGenerateTest(RecipeTest.java:37)
	at java.base/jdk.internal.reflect.DirectMethodHandleAccessor.invoke(DirectMethodHandleAccessor.java:104)
	at java.base/java.lang.reflect.Method.invoke(Method.java:578)
	at org.testng.internal.MethodInvocationHelper.invokeMethod(MethodInvocationHelper.java:124)
	at org.testng.internal.Invoker.invokeMethod(Invoker.java:571)
	at org.testng.internal.Invoker.invokeTestMethod(Invoker.java:707)
	at org.testng.internal.Invoker.invokeTestMethods(Invoker.java:979)
	at org.testng.internal.TestMethodWorker.invokeTestMethods(TestMethodWorker.java:125)
	at org.testng.internal.TestMethodWorker.run(TestMethodWorker.java:109)
	at java.base/java.util.concurrent.ThreadPoolExecutor.runWorker(ThreadPoolExecutor.java:1144)
	at java.base/java.util.concurrent.ThreadPoolExecutor$Worker.run(ThreadPoolExecutor.java:642)
	at java.base/java.lang.Thread.run(Thread.java:1589)
]]></failure>
    <system-out><![CDATA[Request method:	GET
Request URI:	https://api.spoonacular.com/recipes/generate?apiKey=a402ba2d8fd6478f843de69a2ffa0dad
Proxy:			<none>
Request params:	<none>
Query params:	apiKey=a402ba2d8fd6478f843de69a2ffa0dad
Form params:	<none>
Path params:	<none>
Headers:		Accept=*/*
Cookies:		<none>
Multiparts:		<none>
Body:			<none>

HTTP/1.1 404 Not Found
Date: Tue, 02 Apr 2024 03:44:41 GMT
Content-Type: text/html;charset=utf-8
Transfer-Encoding: chunked
Connection: keep-alive
Allow-Control-Allow-Origin: *
Access-Control-Allow-Origin: *
Access-Control-Allow-Headers: Authorization, UserId, Hash, Name, Password, Accept, Accept-Language, x-api-key, Content-Language, Content-Type, Cache-Control, Origin, X-Requested-With
Access-Control-Allow-Methods: GET, HEAD, POST, OPTIONS, DELETE, PUT
Allow-Control-Allow-Methods: GET, HEAD, POST, OPTIONS, DELETE, PUT
CF-Cache-Status: DYNAMIC
Report-To: {"endpoints":[{"url":"https:\/\/a.nel.cloudflare.com\/report\/v4?s=4qLcErjwmzOOB06EETB35KdXGQEKLiHrb8%2FxIeE5XRVjhxNebVzXxgvp%2BT5xmjfdgoJgn9DYJvv%2FdYUchRsYetR2XhgXtP5lIBciCPgBGAYNPm51E60tLso8qHn9I%2BrfS%2Fk42k4%3D"}],"group":"cf-nel","max_age":604800}
NEL: {"success_fraction":0,"report_to":"cf-nel","max_age":604800}
Server: cloudflare
CF-RAY: 86ddd25e0ce881a7-SIN
Content-Encoding: gzip
alt-svc: h3=":443"; ma=86400

<html>
  <head>
    <title>Apache Tomcat/6.0.37 - Error report</title>
    <style>&lt;!--H1 {font-family:Tahoma,Arial,sans-serif;color:white;background-color:#525D76;font-size:22px;} H2 {font-family:Tahoma,Arial,sans-serif;color:white;background-color:#525D76;font-size:16px;} H3 {font-family:Tahoma,Arial,sans-serif;color:white;background-color:#525D76;font-size:14px;} BODY {font-family:Tahoma,Arial,sans-serif;color:black;background-color:white;} B {font-family:Tahoma,Arial,sans-serif;color:white;background-color:#525D76;} P {font-family:Tahoma,Arial,sans-serif;background:white;color:black;font-size:12px;}A {color : black;}A.name {color : black;}HR {color : #525D76;}--&gt;</style>
  </head>
  <body>
    <h1>HTTP Status 404 - Not Found</h1>
    <hr noshade="noshade" size="1"/>
    <p>
      <b>type</b>
 Status report    </p>
    <p>
      <b>message</b>
      <u>Not Found</u>
    </p>
    <p>
      <b>description</b>
      <u>The requested resource is not available.</u>
    </p>
    <hr noshade="noshade" size="1"/>
    <h3>Apache Tomcat/6.0.37</h3>
  </body>
</html>
]]></system-out>
  </testcase>
  <testcase name="SearchRecipes" classname="RecipeTest" time="0.639">
    <failure message="could not access constructor: private java.lang.AssertionError(java.lang.String) with arguments: [1 expectation failed.&#10;Expected status code &lt;200&gt; but was &lt;404&gt;.&#10;] reason: java.lang.IllegalAccessException: class org.codehaus.groovy.reflection.CachedConstructor cannot access a member of class java.lang.AssertionError (in module java.base) with modifiers &quot;private&quot;" type="groovy.lang.GroovyRuntimeException"><![CDATA[groovy.lang.GroovyRuntimeException: 
could not access constructor: private java.lang.AssertionError(java.lang.String) with arguments: [1 expectation failed.
Expected status code <200> but was <404>.
] reason: java.lang.IllegalAccessException: class org.codehaus.groovy.reflection.CachedConstructor cannot access a member of class java.lang.AssertionError (in module java.base) with modifiers "private"
	at org.codehaus.groovy.reflection.CachedConstructor.createException(CachedConstructor.java:103)
	at org.codehaus.groovy.reflection.CachedConstructor.invoke(CachedConstructor.java:89)
	at org.codehaus.groovy.reflection.CachedConstructor.doConstructorInvoke(CachedConstructor.java:77)
	at org.codehaus.groovy.runtime.callsite.ConstructorSite$ConstructorSiteNoUnwrap.callConstructor(ConstructorSite.java:84)
	at org.codehaus.groovy.runtime.callsite.AbstractCallSite.callConstructor(AbstractCallSite.java:250)
	at io.restassured.internal.ResponseSpecificationImpl$HamcrestAssertionClosure.validate(ResponseSpecificationImpl.groovy:494)
	at io.restassured.internal.ResponseSpecificationImpl$HamcrestAssertionClosure$validate$1.call(Unknown Source)
	at io.restassured.internal.ResponseSpecificationImpl.validateResponseIfRequired(ResponseSpecificationImpl.groovy:656)
	at java.base/jdk.internal.reflect.DirectMethodHandleAccessor.invoke(DirectMethodHandleAccessor.java:104)
	at java.base/java.lang.reflect.Method.invoke(Method.java:578)
	at org.codehaus.groovy.runtime.callsite.PogoMetaMethodSite$PogoCachedMethodSiteNoUnwrapNoCoerce.invoke(PogoMetaMethodSite.java:210)
	at org.codehaus.groovy.runtime.callsite.PogoMetaMethodSite.callCurrent(PogoMetaMethodSite.java:59)
	at org.codehaus.groovy.runtime.callsite.AbstractCallSite.callCurrent(AbstractCallSite.java:169)
	at io.restassured.internal.ResponseSpecificationImpl.statusCode(ResponseSpecificationImpl.groovy:125)
	at io.restassured.specification.ResponseSpecification$statusCode$0.callCurrent(Unknown Source)
	at io.restassured.internal.ResponseSpecificationImpl.statusCode(ResponseSpecificationImpl.groovy:133)
	at io.restassured.internal.ValidatableResponseOptionsImpl.statusCode(ValidatableResponseOptionsImpl.java:119)
	at RecipeTest.SearchRecipes(RecipeTest.java:23)
	at java.base/jdk.internal.reflect.DirectMethodHandleAccessor.invoke(DirectMethodHandleAccessor.java:104)
	at java.base/java.lang.reflect.Method.invoke(Method.java:578)
	at org.testng.internal.MethodInvocationHelper.invokeMethod(MethodInvocationHelper.java:124)
	at org.testng.internal.Invoker.invokeMethod(Invoker.java:571)
	at org.testng.internal.Invoker.invokeTestMethod(Invoker.java:707)
	at org.testng.internal.Invoker.invokeTestMethods(Invoker.java:979)
	at org.testng.internal.TestMethodWorker.invokeTestMethods(TestMethodWorker.java:125)
	at org.testng.internal.TestMethodWorker.run(TestMethodWorker.java:109)
	at java.base/java.util.concurrent.ThreadPoolExecutor.runWorker(ThreadPoolExecutor.java:1144)
	at java.base/java.util.concurrent.ThreadPoolExecutor$Worker.run(ThreadPoolExecutor.java:642)
	at java.base/java.lang.Thread.run(Thread.java:1589)
]]></failure>
    <system-out><![CDATA[Request method:	GET
Request URI:	https://api.spoonacular.com/recipes/generate?apiKey=a402ba2d8fd6478f843de69a2ffa0dad
Proxy:			<none>
Request params:	<none>
Query params:	apiKey=a402ba2d8fd6478f843de69a2ffa0dad
Form params:	<none>
Path params:	<none>
Headers:		Accept=*/*
Cookies:		<none>
Multiparts:		<none>
Body:			<none>

HTTP/1.1 404 Not Found
Date: Tue, 02 Apr 2024 03:44:42 GMT
Content-Type: text/html;charset=utf-8
Transfer-Encoding: chunked
Connection: keep-alive
Allow-Control-Allow-Origin: *
Access-Control-Allow-Origin: *
Access-Control-Allow-Headers: Authorization, UserId, Hash, Name, Password, Accept, Accept-Language, x-api-key, Content-Language, Content-Type, Cache-Control, Origin, X-Requested-With
Access-Control-Allow-Methods: GET, HEAD, POST, OPTIONS, DELETE, PUT
Allow-Control-Allow-Methods: GET, HEAD, POST, OPTIONS, DELETE, PUT
CF-Cache-Status: DYNAMIC
Report-To: {"endpoints":[{"url":"https:\/\/a.nel.cloudflare.com\/report\/v4?s=BnxDoLVXEBJcHEM97LPQHqbe3UDDrNYKubApT3PprtF0nm%2ByPpjWaPJ4AGQjY4MAfhg3UCGp3x54IgZwGIpVrooumll1zDfIzm0g8NK4VbUjg4dhN1a269yAiELGCQEDcfNQrXI%3D"}],"group":"cf-nel","max_age":604800}
NEL: {"success_fraction":0,"report_to":"cf-nel","max_age":604800}
Server: cloudflare
CF-RAY: 86ddd263abe45fe1-SIN
Content-Encoding: gzip
alt-svc: h3=":443"; ma=86400

<html>
  <head>
    <title>Apache Tomcat/6.0.37 - Error report</title>
    <style>&lt;!--H1 {font-family:Tahoma,Arial,sans-serif;color:white;background-color:#525D76;font-size:22px;} H2 {font-family:Tahoma,Arial,sans-serif;color:white;background-color:#525D76;font-size:16px;} H3 {font-family:Tahoma,Arial,sans-serif;color:white;background-color:#525D76;font-size:14px;} BODY {font-family:Tahoma,Arial,sans-serif;color:black;background-color:white;} B {font-family:Tahoma,Arial,sans-serif;color:white;background-color:#525D76;} P {font-family:Tahoma,Arial,sans-serif;background:white;color:black;font-size:12px;}A {color : black;}A.name {color : black;}HR {color : #525D76;}--&gt;</style>
  </head>
  <body>
    <h1>HTTP Status 404 - Not Found</h1>
    <hr noshade="noshade" size="1"/>
    <p>
      <b>type</b>
 Status report    </p>
    <p>
      <b>message</b>
      <u>Not Found</u>
    </p>
    <p>
      <b>description</b>
      <u>The requested resource is not available.</u>
    </p>
    <hr noshade="noshade" size="1"/>
    <h3>Apache Tomcat/6.0.37</h3>
  </body>
</html>
]]></system-out>
  </testcase>
</testsuite>